0 info it worked if it ends with ok
1 verbose cli [ '/usr/local/bin/node', '/usr/local/bin/npm', 'publish' ]
2 info using npm@1.4.14
3 info using node@v0.10.29
4 verbose publish [ '.' ]
5 verbose cache add [ '.', null ]
6 verbose cache add name=undefined spec="." args=[".",null]
7 verbose parsed url { protocol: null,
7 verbose parsed url   slashes: null,
7 verbose parsed url   auth: null,
7 verbose parsed url   host: null,
7 verbose parsed url   port: null,
7 verbose parsed url   hostname: null,
7 verbose parsed url   hash: null,
7 verbose parsed url   search: null,
7 verbose parsed url   query: null,
7 verbose parsed url   pathname: '.',
7 verbose parsed url   path: '.',
7 verbose parsed url   href: '.' }
8 silly lockFile 3a52ce78- .
9 verbose lock . /home/daniel/.npm/3a52ce78-.lock
10 verbose tar pack [ '/home/daniel/.npm/baddocs/0.0.1/package.tgz', '.' ]
11 verbose tarball /home/daniel/.npm/baddocs/0.0.1/package.tgz
12 verbose folder .
13 info prepublish baddocs@0.0.1
14 silly lockFile 1f1177db-tar tar://.
15 verbose lock tar://. /home/daniel/.npm/1f1177db-tar.lock
16 silly lockFile 3529be0c-el-npm-baddocs-0-0-1-package-tgz tar:///home/daniel/.npm/baddocs/0.0.1/package.tgz
17 verbose lock tar:///home/daniel/.npm/baddocs/0.0.1/package.tgz /home/daniel/.npm/3529be0c-el-npm-baddocs-0-0-1-package-tgz.lock
18 silly lockFile 1f1177db-tar tar://.
19 silly lockFile 1f1177db-tar tar://.
20 silly lockFile 3529be0c-el-npm-baddocs-0-0-1-package-tgz tar:///home/daniel/.npm/baddocs/0.0.1/package.tgz
21 silly lockFile 3529be0c-el-npm-baddocs-0-0-1-package-tgz tar:///home/daniel/.npm/baddocs/0.0.1/package.tgz
22 silly lockFile a48162b6-daniel-npm-baddocs-0-0-1-package /home/daniel/.npm/baddocs/0.0.1/package
23 verbose lock /home/daniel/.npm/baddocs/0.0.1/package /home/daniel/.npm/a48162b6-daniel-npm-baddocs-0-0-1-package.lock
24 silly lockFile a48162b6-daniel-npm-baddocs-0-0-1-package /home/daniel/.npm/baddocs/0.0.1/package
25 silly lockFile a48162b6-daniel-npm-baddocs-0-0-1-package /home/daniel/.npm/baddocs/0.0.1/package
26 silly lockFile 3a52ce78- .
27 silly lockFile 3a52ce78- .
28 silly publish { name: 'baddocs',
28 silly publish   private: true,
28 silly publish   version: '0.0.1',
28 silly publish   description: 'simple markdown docs',
28 silly publish   main: 'index.js',
28 silly publish   dependencies: { express: '~4.4.1', marked: '^0.3.2' },
28 silly publish   devDependencies: {},
28 silly publish   scripts: { test: 'echo "Error: no test specified" && exit 1' },
28 silly publish   author: { name: 'Daniel Jackson', email: 'daniel@thinkhard.net' },
28 silly publish   license: 'ISC',
28 silly publish   readme: 'baddocs\n=======\n\nThe worst, most feature-less most horrible documentation system ever, except\nthat it\'s not.  Write your docs in multiple markdown files `*.mdpp`.  Weave \nthem all into a single `*.md` by making use of !INCLUDE preprocessor directives.\nSupports synthetically embedding youtube videos, `LaTeX`, interactive process \ndiagramming with `joint.js`... github flavored markdown, and a bunch of other\nstuff.\n\nIncludes are *evaluated recursively* and *rendered in place*.  Awesome. Only one\nexternal dependency: [Markdown-PP](http://github.com/jreese/markdown-pp).\n\n```shell\nnpm install --save baddocs\n```\n\n```javascript\nvar baddocs = require(\'baddocs\');\n\nvar config = {\n//  port: 9000,\n//  env: \'dev\',\n};\n\nbaddocs(config);\n```\n\nSetup a `header.html` and a `footer.html`.  And author your *.mdpp.  Here\'s what\nyou can do:\n\n```Markdown\nFeature Tests\n-------\n\n##### INCLUDE\n\n!INCLUDE "includes/section1.mdpp"\n!INCLUDE "includes/section2.mdpp\n\n##### Math\n\n> $r_{xy} = {n \\sum_i x_i y_i - \\sum_i x_i \\sum_i y_i \\over \\sqrt{n \\sum_i x_i^2 - (\\sum x_i)^2} \\sqrt{n \\sum_i y_i^2 - (\\sum_i y_i)^2}}.$\n\n##### Code\n\n\\`\\`\\`F#\n(*\n  <LionMadeOfLions> scientists are baffled, though, it will be decades before we\n                    begin to understand the lion made of lions\n\n  <ninegrid> challenge accepted\n*)\n\ntype LionMadeOfLions = Lions | Lion of LionMadeOfLions * LionMadeOfLions\nlet lionMadeOfLions = Lion(Lion(Lion(Lions,Lions),Lions),Lions)\n\n(*\n           Lion\n          /    \\\n         Lion  Lions\n        /    \\\n      Lion  Lions\n      /   \\\n    Lions Lions\n*)\n\nlet rec y f x = f (y f) x\nlet understand x = printfn "%A" x\n\nlet lions (lions : LionMadeOfLions -> LionMadeOfLions) = function\n  | Lion (x,y) -> lions x\n  | Lions      -> Lions\n\ny (lions >> fun f lion -> understand lion; f lion) lionMadeOfLions\n\n(* output:\n  Lion (Lion (Lion (Lions,Lions),Lions),Lions)\n  Lion (Lion (Lions,Lions),Lions)\n  Lion (Lions,Lions)\n  Lions\n\n  val it : LionMadeOfLions = Lions\n*)\n\\`\\`\\`\n\n##### Joint\n\nInteractive process charting (double click a box to start animation).\n\n<style>\n  #basic{\n    display: inline-block;\n    border: 1px solid gray;\n  }\n</style>\n\n<div id="basic-joint">\n</div>\n\n<script src="/joints/basic.js">\n</script>\n\n##### Tables\n\nFirst Header  | Second Header\n------------- | -------------\nContent Cell  | Content Cell\nContent Cell  | Content Cell\n\n##### Images\n\n![Awesome Logo, LLC](images/pti.png) "Awesome Company"\n\n##### Video\n\n!VIDEO "http://www.youtube.com/embed/lQAV3bPOYHo"\n```\n\nNow you can make markdown documents from lots of little markdown documents.\nThis is good for authoring stuff like Operations Manuals for startups.\n',
28 silly publish   readmeFilename: 'README.md',
28 silly publish   gitHead: 'c532706e6f72e81d5e717401a5f7ba3159a845c1',
28 silly publish   _id: 'baddocs@0.0.1',
28 silly publish   _shasum: '20bc1282940fb802ce65a8c56789dc837c8e8a54',
28 silly publish   _from: '.' }
29 error Error: This package has been marked as private
29 error Remove the 'private' field from the package.json to publish it.
29 error     at publish_ (/usr/local/lib/node_modules/npm/lib/publish.js:91:31)
29 error     at Array.1 (/usr/local/lib/node_modules/npm/node_modules/slide/lib/bind-actor.js:15:8)
29 error     at LOOP (/usr/local/lib/node_modules/npm/node_modules/slide/lib/chain.js:15:14)
29 error     at LOOP (/usr/local/lib/node_modules/npm/node_modules/slide/lib/chain.js:14:28)
29 error     at chain (/usr/local/lib/node_modules/npm/node_modules/slide/lib/chain.js:20:5)
29 error     at /usr/local/lib/node_modules/npm/lib/publish.js:59:5
29 error     at /usr/local/lib/node_modules/npm/lib/cache.js:311:5
29 error     at /usr/local/lib/node_modules/npm/node_modules/graceful-fs/graceful-fs.js:105:5
29 error     at Object.oncomplete (fs.js:107:15)
30 error If you need help, you may report this *entire* log,
30 error including the npm and node versions, at:
30 error     <http://github.com/npm/npm/issues>
31 error System Linux 3.14.6-1-ARCH
32 error command "/usr/local/bin/node" "/usr/local/bin/npm" "publish"
33 error cwd /home/daniel/work/modules/baddocs
34 error node -v v0.10.29
35 error npm -v 1.4.14
36 verbose exit [ 1, true ]
